[2026-06-16 17:25:43] INFO     regime — BOCPD processed 500 samples, 0 alerts fired (0.0%)
[2026-06-18 14:40:39] INFO     regime — Loading data from XAUUSD_M5_201809211615_202604301140.csv...
[2026-06-18 14:40:42] INFO     regime — Loaded 536,808 bars from 2018-09-21 16:15:00 to 2026-04-30 11:40:00 (2777 days)
[2026-06-18 14:40:43] INFO     regime — Cleaned data: removed 264 invalid bars (0.05%)
[2026-06-18 14:40:43] INFO     regime — Starting feature extraction pipeline...
[2026-06-18 14:40:43] INFO     regime —   Resampling to H1, H4...
[2026-06-18 14:40:43] INFO     regime —   Computing return features...
[2026-06-18 15:06:39] INFO     regime —   Computing volatility features...
[2026-06-18 15:06:40] INFO     regime —   Computing trend/momentum features...
[2026-06-18 15:06:42] INFO     regime —   Computing volume features...
[2026-06-18 15:08:08] INFO     regime —   Computing cross-timeframe features...
[2026-06-18 15:08:09] INFO     regime —   Computing leading features...
[2026-06-18 15:08:14] INFO     regime —   Dropped 594 rows with NaN (0.1%)
[2026-06-18 15:08:15] INFO     regime —   Normalizing features with expanding Z-score...
[2026-06-18 15:08:23] INFO     regime —   Feature extraction complete: 55 features, 535,751 samples
[2026-06-18 15:08:24] INFO     regime — Fitting RegimeHMM on 508,391 samples, 55 features...
[2026-06-18 15:08:28] INFO     regime —   PCA: 12 components explain 76.3% of variance
[2026-06-18 17:11:23] INFO     regime — Loaded RegimeHMM from C:\Users\MYCkey98\Desktop\Organized_Files\05_ML_Projects\high precision HMM\outputs\models\regime_hmm.pkl
[2026-06-18 17:11:23] INFO     regime — Loaded MultiFeatureBOCPD from C:\Users\MYCkey98\Desktop\Organized_Files\05_ML_Projects\high precision HMM\outputs\models\multi_bocpd.pkl
[2026-06-18 17:11:26] INFO     regime — Built LSTM model: 75,878 parameters, input_size=22
[2026-06-18 17:11:26] INFO     regime — Loaded RegimeLSTM from C:\Users\MYCkey98\Desktop\Organized_Files\05_ML_Projects\high precision HMM\outputs\models\regime_lstm.pt
[2026-06-18 17:11:26] INFO     regime — Loaded all 3 layers for regime prediction
[2026-06-18 17:11:26] INFO     regime — Starting feature extraction pipeline...
[2026-06-18 17:11:26] INFO     regime —   Resampling to H1, H4...
[2026-06-18 17:11:27] INFO     regime —   Computing return features...
[2026-06-18 17:11:31] INFO     regime —   Computing volatility features...
[2026-06-18 17:11:31] INFO     regime —   Computing trend/momentum features...
[2026-06-18 17:11:31] INFO     regime —   Computing volume features...
[2026-06-18 17:11:31] INFO     regime —   Computing cross-timeframe features...
[2026-06-18 17:11:31] INFO     regime —   Computing leading features...
[2026-06-18 17:11:31] INFO     regime —   Dropped 500 rows with NaN (100.0%)
[2026-06-18 17:11:31] INFO     regime —   Normalizing features with expanding Z-score...
[2026-06-18 17:11:32] INFO     regime —   Feature extraction complete: 55 features, 0 samples
[2026-06-18 17:15:07] INFO     regime — Starting feature extraction pipeline...
[2026-06-18 17:15:08] INFO     regime —   Resampling to H1, H4...
[2026-06-18 17:15:08] INFO     regime —   Computing return features...
[2026-06-18 17:15:26] INFO     regime —   Computing volatility features...
[2026-06-18 17:15:27] INFO     regime —   Computing trend/momentum features...
[2026-06-18 17:15:27] INFO     regime —   Computing volume features...
[2026-06-18 17:15:28] INFO     regime —   Computing cross-timeframe features...
[2026-06-18 17:15:28] INFO     regime —   Computing leading features...
[2026-06-18 17:15:28] INFO     regime —   Dropped 500 rows with NaN (100.0%)
[2026-06-18 17:15:28] INFO     regime —   Normalizing features with expanding Z-score...
[2026-06-18 17:15:29] INFO     regime —   Feature extraction complete: 55 features, 0 samples
[2026-06-18 17:20:01] INFO     regime — Starting feature extraction pipeline...
[2026-06-18 17:20:01] INFO     regime —   Resampling to H1, H4...
[2026-06-18 17:20:01] INFO     regime —   Computing return features...
[2026-06-18 17:20:03] INFO     regime —   Computing volatility features...
[2026-06-18 17:20:04] INFO     regime —   Computing trend/momentum features...
[2026-06-18 17:20:04] INFO     regime —   Computing volume features...
[2026-06-18 17:20:04] INFO     regime —   Computing cross-timeframe features...
[2026-06-18 17:20:04] INFO     regime —   Computing leading features...
[2026-06-18 17:20:04] INFO     regime —   Dropped 500 rows with NaN (100.0%)
[2026-06-18 17:20:04] INFO     regime —   Normalizing features with expanding Z-score...
[2026-06-18 17:20:04] INFO     regime —   Feature extraction complete: 55 features, 0 samples
[2026-06-18 17:23:26] INFO     regime — Loaded RegimeHMM from C:\Users\MYCkey98\Desktop\Organized_Files\05_ML_Projects\high precision HMM\outputs\models\regime_hmm.pkl
[2026-06-18 17:23:26] INFO     regime — Loaded MultiFeatureBOCPD from C:\Users\MYCkey98\Desktop\Organized_Files\05_ML_Projects\high precision HMM\outputs\models\multi_bocpd.pkl
[2026-06-18 17:23:26] INFO     regime — Built LSTM model: 75,878 parameters, input_size=22
[2026-06-18 17:23:26] INFO     regime — Loaded RegimeLSTM from C:\Users\MYCkey98\Desktop\Organized_Files\05_ML_Projects\high precision HMM\outputs\models\regime_lstm.pt
[2026-06-18 17:23:26] INFO     regime — Loaded all 3 layers for regime prediction
[2026-06-18 17:23:26] INFO     regime — Starting feature extraction pipeline...
[2026-06-18 17:23:26] INFO     regime —   Resampling to H1, H4...
[2026-06-18 17:23:26] INFO     regime —   Computing return features...
[2026-06-18 17:23:37] INFO     regime —   Computing volatility features...
[2026-06-18 17:23:37] INFO     regime —   Computing trend/momentum features...
[2026-06-18 17:23:37] INFO     regime —   Computing volume features...
[2026-06-18 17:23:38] INFO     regime —   Computing cross-timeframe features...
[2026-06-18 17:23:38] INFO     regime —   Computing leading features...
[2026-06-18 17:23:38] INFO     regime —   Dropped 595 rows with NaN (39.7%)
[2026-06-18 17:23:38] INFO     regime —   Normalizing features with expanding Z-score...
[2026-06-18 17:23:38] INFO     regime —   Feature extraction complete: 55 features, 706 samples
[2026-06-18 17:23:44] INFO     regime — BOCPD processed 706 samples, 0 alerts fired (0.0%)
[2026-06-18 17:23:45] INFO     regime — Starting feature extraction pipeline...
[2026-06-18 17:23:45] INFO     regime —   Resampling to H1, H4...
[2026-06-18 17:23:45] INFO     regime —   Computing return features...
[2026-06-18 17:23:55] INFO     regime —   Computing volatility features...
[2026-06-18 17:23:55] INFO     regime —   Computing trend/momentum features...
[2026-06-18 17:23:55] INFO     regime —   Computing volume features...
[2026-06-18 17:23:56] INFO     regime —   Computing cross-timeframe features...
[2026-06-18 17:23:56] INFO     regime —   Computing leading features...
[2026-06-18 17:23:56] INFO     regime —   Dropped 595 rows with NaN (39.7%)
[2026-06-18 17:23:56] INFO     regime —   Normalizing features with expanding Z-score...
[2026-06-18 17:23:56] INFO     regime —   Feature extraction complete: 55 features, 706 samples
[2026-06-18 17:24:00] INFO     regime — BOCPD processed 706 samples, 0 alerts fired (0.0%)
[2026-06-18 17:25:00] INFO     regime — Starting feature extraction pipeline...
[2026-06-18 17:25:00] INFO     regime —   Resampling to H1, H4...
[2026-06-18 17:25:00] INFO     regime —   Computing return features...
[2026-06-18 17:25:09] INFO     regime —   Computing volatility features...
[2026-06-18 17:25:09] INFO     regime —   Computing trend/momentum features...
[2026-06-18 17:25:09] INFO     regime —   Computing volume features...
[2026-06-18 17:25:10] INFO     regime —   Computing cross-timeframe features...
[2026-06-18 17:25:10] INFO     regime —   Computing leading features...
[2026-06-18 17:25:10] INFO     regime —   Dropped 594 rows with NaN (39.6%)
[2026-06-18 17:25:10] INFO     regime —   Normalizing features with expanding Z-score...
[2026-06-18 17:25:10] INFO     regime —   Feature extraction complete: 55 features, 707 samples
[2026-06-18 17:25:17] INFO     regime — BOCPD processed 707 samples, 0 alerts fired (0.0%)
[2026-06-18 17:25:18] INFO     regime — Starting feature extraction pipeline...
[2026-06-18 17:25:18] INFO     regime —   Resampling to H1, H4...
[2026-06-18 17:25:18] INFO     regime —   Computing return features...
[2026-06-18 17:25:31] INFO     regime —   Computing volatility features...
[2026-06-18 17:25:31] INFO     regime —   Computing trend/momentum features...
[2026-06-18 17:25:31] INFO     regime —   Computing volume features...
[2026-06-18 17:25:32] INFO     regime —   Computing cross-timeframe features...
[2026-06-18 17:25:32] INFO     regime —   Computing leading features...
[2026-06-18 17:25:33] INFO     regime —   Dropped 594 rows with NaN (39.6%)
[2026-06-18 17:25:33] INFO     regime —   Normalizing features with expanding Z-score...
[2026-06-18 17:25:33] INFO     regime —   Feature extraction complete: 55 features, 707 samples
[2026-06-18 17:25:42] INFO     regime — BOCPD processed 707 samples, 0 alerts fired (0.0%)
[2026-06-18 17:34:03] INFO     regime — Starting feature extraction pipeline...
[2026-06-18 17:34:03] INFO     regime —   Resampling to H1, H4...
[2026-06-18 17:34:03] INFO     regime —   Computing return features...
[2026-06-18 17:34:05] INFO     regime —   Computing volatility features...
[2026-06-18 17:34:05] INFO     regime —   Computing trend/momentum features...
[2026-06-18 17:34:05] INFO     regime —   Computing volume features...
[2026-06-18 17:34:05] INFO     regime —   Computing cross-timeframe features...
[2026-06-18 17:34:05] INFO     regime —   Computing leading features...
[2026-06-18 17:34:05] INFO     regime —   Dropped 593 rows with NaN (39.5%)
[2026-06-18 17:34:05] INFO     regime —   Normalizing features with expanding Z-score...
[2026-06-18 17:34:05] INFO     regime —   Feature extraction complete: 55 features, 708 samples
[2026-06-18 17:34:07] INFO     regime — BOCPD processed 708 samples, 0 alerts fired (0.0%)
[2026-06-18 17:34:07] INFO     regime — Starting feature extraction pipeline...
[2026-06-18 17:34:07] INFO     regime —   Resampling to H1, H4...
[2026-06-18 17:34:07] INFO     regime —   Computing return features...
[2026-06-18 17:34:09] INFO     regime —   Computing volatility features...
[2026-06-18 17:34:09] INFO     regime —   Computing trend/momentum features...
[2026-06-18 17:34:09] INFO     regime —   Computing volume features...
[2026-06-18 17:34:09] INFO     regime —   Computing cross-timeframe features...
[2026-06-18 17:34:09] INFO     regime —   Computing leading features...
[2026-06-18 17:34:09] INFO     regime —   Dropped 593 rows with NaN (39.5%)
[2026-06-18 17:34:09] INFO     regime —   Normalizing features with expanding Z-score...
[2026-06-18 17:34:10] INFO     regime —   Feature extraction complete: 55 features, 708 samples
[2026-06-18 17:34:11] INFO     regime — BOCPD processed 708 samples, 0 alerts fired (0.0%)
[2026-06-18 17:35:41] INFO     regime — Starting feature extraction pipeline...
[2026-06-18 17:35:41] INFO     regime —   Resampling to H1, H4...
[2026-06-18 17:35:41] INFO     regime —   Computing return features...
[2026-06-18 17:35:44] INFO     regime —   Computing volatility features...
[2026-06-18 17:35:44] INFO     regime —   Computing trend/momentum features...
[2026-06-18 17:35:44] INFO     regime —   Computing volume features...
[2026-06-18 17:35:44] INFO     regime —   Computing cross-timeframe features...
[2026-06-18 17:35:44] INFO     regime —   Computing leading features...
[2026-06-18 17:35:44] INFO     regime —   Dropped 592 rows with NaN (39.5%)
[2026-06-18 17:35:44] INFO     regime —   Normalizing features with expanding Z-score...
[2026-06-18 17:35:45] INFO     regime —   Feature extraction complete: 55 features, 709 samples
[2026-06-18 17:35:47] INFO     regime — BOCPD processed 709 samples, 0 alerts fired (0.0%)
[2026-06-18 17:35:47] INFO     regime — Starting feature extraction pipeline...
[2026-06-18 17:35:47] INFO     regime —   Resampling to H1, H4...
[2026-06-18 17:35:47] INFO     regime —   Computing return features...
[2026-06-18 17:35:50] INFO     regime —   Computing volatility features...
[2026-06-18 17:35:50] INFO     regime —   Computing trend/momentum features...
[2026-06-18 17:35:50] INFO     regime —   Computing volume features...
[2026-06-18 17:35:51] INFO     regime —   Computing cross-timeframe features...
[2026-06-18 17:35:51] INFO     regime —   Computing leading features...
[2026-06-18 17:35:51] INFO     regime —   Dropped 592 rows with NaN (39.5%)
[2026-06-18 17:35:51] INFO     regime —   Normalizing features with expanding Z-score...
[2026-06-18 17:35:51] INFO     regime —   Feature extraction complete: 55 features, 709 samples
[2026-06-18 17:35:53] INFO     regime — BOCPD processed 709 samples, 0 alerts fired (0.0%)
[2026-06-18 17:40:23] INFO     regime — Cleaned data: removed 1 invalid bars (0.07%)
[2026-06-18 17:40:23] INFO     regime — Starting feature extraction pipeline...
[2026-06-18 17:40:23] INFO     regime —   Resampling to H1, H4...
[2026-06-18 17:40:23] INFO     regime —   Computing return features...
[2026-06-18 17:40:25] INFO     regime —   Computing volatility features...
[2026-06-18 17:40:25] INFO     regime —   Computing trend/momentum features...
[2026-06-18 17:40:25] INFO     regime —   Computing volume features...
[2026-06-18 17:40:26] INFO     regime —   Computing cross-timeframe features...
[2026-06-18 17:40:26] INFO     regime —   Computing leading features...
[2026-06-18 17:40:26] INFO     regime —   Dropped 591 rows with NaN (39.4%)
[2026-06-18 17:40:26] INFO     regime —   Normalizing features with expanding Z-score...
[2026-06-18 17:40:26] INFO     regime —   Feature extraction complete: 55 features, 709 samples
[2026-06-18 17:40:27] INFO     regime — BOCPD processed 709 samples, 0 alerts fired (0.0%)
[2026-06-18 17:40:27] INFO     regime — Starting feature extraction pipeline...
[2026-06-18 17:40:27] INFO     regime —   Resampling to H1, H4...
[2026-06-18 17:40:27] INFO     regime —   Computing return features...
[2026-06-18 17:40:30] INFO     regime —   Computing volatility features...
[2026-06-18 17:40:30] INFO     regime —   Computing trend/momentum features...
[2026-06-18 17:40:30] INFO     regime —   Computing volume features...
[2026-06-18 17:40:30] INFO     regime —   Computing cross-timeframe features...
[2026-06-18 17:40:30] INFO     regime —   Computing leading features...
[2026-06-18 17:40:30] INFO     regime —   Dropped 591 rows with NaN (39.4%)
[2026-06-18 17:40:30] INFO     regime —   Normalizing features with expanding Z-score...
[2026-06-18 17:40:30] INFO     regime —   Feature extraction complete: 55 features, 709 samples
[2026-06-18 17:40:31] INFO     regime — BOCPD processed 709 samples, 0 alerts fired (0.0%)
[2026-06-18 17:48:02] INFO     regime — Starting feature extraction pipeline...
[2026-06-18 17:48:02] INFO     regime —   Resampling to H1, H4...
[2026-06-18 17:48:02] INFO     regime —   Computing return features...
[2026-06-18 17:48:04] INFO     regime —   Computing volatility features...
[2026-06-18 17:48:04] INFO     regime —   Computing trend/momentum features...
[2026-06-18 17:48:04] INFO     regime —   Computing volume features...
[2026-06-18 17:48:05] INFO     regime —   Computing cross-timeframe features...
[2026-06-18 17:48:05] INFO     regime —   Computing leading features...
[2026-06-18 17:48:05] INFO     regime —   Dropped 590 rows with NaN (39.3%)
[2026-06-18 17:48:05] INFO     regime —   Normalizing features with expanding Z-score...
[2026-06-18 17:48:05] INFO     regime —   Feature extraction complete: 55 features, 711 samples
[2026-06-18 17:48:06] INFO     regime — BOCPD processed 711 samples, 0 alerts fired (0.0%)
[2026-06-18 17:48:06] INFO     regime — Starting feature extraction pipeline...
[2026-06-18 17:48:06] INFO     regime —   Resampling to H1, H4...
[2026-06-18 17:48:06] INFO     regime —   Computing return features...
[2026-06-18 17:48:09] INFO     regime —   Computing volatility features...
[2026-06-18 17:48:09] INFO     regime —   Computing trend/momentum features...
[2026-06-18 17:48:09] INFO     regime —   Computing volume features...
[2026-06-18 17:48:09] INFO     regime —   Computing cross-timeframe features...
[2026-06-18 17:48:09] INFO     regime —   Computing leading features...
[2026-06-18 17:48:09] INFO     regime —   Dropped 590 rows with NaN (39.3%)
[2026-06-18 17:48:09] INFO     regime —   Normalizing features with expanding Z-score...
[2026-06-18 17:48:09] INFO     regime —   Feature extraction complete: 55 features, 711 samples
[2026-06-18 17:48:10] INFO     regime — BOCPD processed 711 samples, 0 alerts fired (0.0%)
[2026-06-18 18:18:03] INFO     regime — Starting feature extraction pipeline...
[2026-06-18 18:18:03] INFO     regime —   Resampling to H1, H4...
[2026-06-18 18:18:03] INFO     regime —   Computing return features...
[2026-06-18 18:18:07] INFO     regime —   Computing volatility features...
[2026-06-18 18:18:07] INFO     regime —   Computing trend/momentum features...
[2026-06-18 18:18:07] INFO     regime —   Computing volume features...
[2026-06-18 18:18:08] INFO     regime —   Computing cross-timeframe features...
[2026-06-18 18:18:08] INFO     regime —   Computing leading features...
[2026-06-18 18:18:08] INFO     regime —   Dropped 596 rows with NaN (39.7%)
[2026-06-18 18:18:08] INFO     regime —   Normalizing features with expanding Z-score...
[2026-06-18 18:18:08] INFO     regime —   Feature extraction complete: 55 features, 705 samples
[2026-06-18 18:18:10] INFO     regime — BOCPD processed 705 samples, 0 alerts fired (0.0%)
[2026-06-18 18:18:11] INFO     regime — Starting feature extraction pipeline...
[2026-06-18 18:18:11] INFO     regime —   Resampling to H1, H4...
[2026-06-18 18:18:11] INFO     regime —   Computing return features...
[2026-06-18 18:18:14] INFO     regime —   Computing volatility features...
[2026-06-18 18:18:14] INFO     regime —   Computing trend/momentum features...
[2026-06-18 18:18:14] INFO     regime —   Computing volume features...
[2026-06-18 18:18:14] INFO     regime —   Computing cross-timeframe features...
[2026-06-18 18:18:14] INFO     regime —   Computing leading features...
[2026-06-18 18:18:14] INFO     regime —   Dropped 596 rows with NaN (39.7%)
[2026-06-18 18:18:14] INFO     regime —   Normalizing features with expanding Z-score...
[2026-06-18 18:18:15] INFO     regime —   Feature extraction complete: 55 features, 705 samples
[2026-06-18 18:18:17] INFO     regime — BOCPD processed 705 samples, 0 alerts fired (0.0%)
[2026-06-18 18:20:07] INFO     regime — Starting feature extraction pipeline...
[2026-06-18 18:20:07] INFO     regime —   Resampling to H1, H4...
[2026-06-18 18:20:07] INFO     regime —   Computing return features...
[2026-06-18 18:20:11] INFO     regime —   Computing volatility features...
[2026-06-18 18:20:11] INFO     regime —   Computing trend/momentum features...
[2026-06-18 18:20:12] INFO     regime —   Computing volume features...
[2026-06-18 18:20:12] INFO     regime —   Computing cross-timeframe features...
[2026-06-18 18:20:12] INFO     regime —   Computing leading features...
[2026-06-18 18:20:12] INFO     regime —   Dropped 595 rows with NaN (39.7%)
[2026-06-18 18:20:12] INFO     regime —   Normalizing features with expanding Z-score...
[2026-06-18 18:20:12] INFO     regime —   Feature extraction complete: 55 features, 706 samples
[2026-06-18 18:20:14] INFO     regime — BOCPD processed 706 samples, 0 alerts fired (0.0%)
[2026-06-18 18:20:14] INFO     regime — Starting feature extraction pipeline...
[2026-06-18 18:20:14] INFO     regime —   Resampling to H1, H4...
[2026-06-18 18:20:14] INFO     regime —   Computing return features...
[2026-06-18 18:20:18] INFO     regime —   Computing volatility features...
[2026-06-18 18:20:18] INFO     regime —   Computing trend/momentum features...
[2026-06-18 18:20:18] INFO     regime —   Computing volume features...
[2026-06-18 18:20:18] INFO     regime —   Computing cross-timeframe features...
[2026-06-18 18:20:18] INFO     regime —   Computing leading features...
[2026-06-18 18:20:18] INFO     regime —   Dropped 595 rows with NaN (39.7%)
[2026-06-18 18:20:18] INFO     regime —   Normalizing features with expanding Z-score...
[2026-06-18 18:20:18] INFO     regime —   Feature extraction complete: 55 features, 706 samples
[2026-06-18 18:20:20] INFO     regime — BOCPD processed 706 samples, 0 alerts fired (0.0%)
[2026-06-18 18:25:00] INFO     regime — Starting feature extraction pipeline...
[2026-06-18 18:25:00] INFO     regime —   Resampling to H1, H4...
[2026-06-18 18:25:00] INFO     regime —   Computing return features...
[2026-06-18 18:25:02] INFO     regime —   Computing volatility features...
[2026-06-18 18:25:03] INFO     regime —   Computing trend/momentum features...
[2026-06-18 18:25:03] INFO     regime —   Computing volume features...
[2026-06-18 18:25:03] INFO     regime —   Computing cross-timeframe features...
[2026-06-18 18:25:03] INFO     regime —   Computing leading features...
[2026-06-18 18:25:03] INFO     regime —   Dropped 594 rows with NaN (39.6%)
[2026-06-18 18:25:03] INFO     regime —   Normalizing features with expanding Z-score...
[2026-06-18 18:25:03] INFO     regime —   Feature extraction complete: 55 features, 707 samples
[2026-06-18 18:25:05] INFO     regime — BOCPD processed 707 samples, 0 alerts fired (0.0%)
[2026-06-18 18:25:05] INFO     regime — Starting feature extraction pipeline...
[2026-06-18 18:25:05] INFO     regime —   Resampling to H1, H4...
[2026-06-18 18:25:05] INFO     regime —   Computing return features...
[2026-06-18 18:25:08] INFO     regime —   Computing volatility features...
[2026-06-18 18:25:08] INFO     regime —   Computing trend/momentum features...
[2026-06-18 18:25:08] INFO     regime —   Computing volume features...
[2026-06-18 18:25:08] INFO     regime —   Computing cross-timeframe features...
[2026-06-18 18:25:08] INFO     regime —   Computing leading features...
[2026-06-18 18:25:08] INFO     regime —   Dropped 594 rows with NaN (39.6%)
[2026-06-18 18:25:08] INFO     regime —   Normalizing features with expanding Z-score...
[2026-06-18 18:25:08] INFO     regime —   Feature extraction complete: 55 features, 707 samples
[2026-06-18 18:25:10] INFO     regime — BOCPD processed 707 samples, 0 alerts fired (0.0%)
[2026-06-18 18:28:36] INFO     regime — Loaded RegimeHMM from C:\Users\MYCkey98\Desktop\Organized_Files\05_ML_Projects\high precision HMM\outputs\models\regime_hmm.pkl
[2026-06-18 18:28:36] INFO     regime — Loaded MultiFeatureBOCPD from C:\Users\MYCkey98\Desktop\Organized_Files\05_ML_Projects\high precision HMM\outputs\models\multi_bocpd.pkl
[2026-06-18 18:28:37] INFO     regime — Built LSTM model: 75,878 parameters, input_size=22
[2026-06-18 18:28:37] INFO     regime — Loaded RegimeLSTM from C:\Users\MYCkey98\Desktop\Organized_Files\05_ML_Projects\high precision HMM\outputs\models\regime_lstm.pt
[2026-06-18 18:28:37] INFO     regime — Loaded all 3 layers for regime prediction
[2026-06-18 18:28:37] INFO     regime — Starting feature extraction pipeline...
[2026-06-18 18:28:37] INFO     regime —   Resampling to H1, H4...
[2026-06-18 18:28:37] INFO     regime —   Computing return features...
[2026-06-18 18:28:39] INFO     regime —   Computing volatility features...
[2026-06-18 18:28:39] INFO     regime —   Computing trend/momentum features...
[2026-06-18 18:28:39] INFO     regime —   Computing volume features...
[2026-06-18 18:28:40] INFO     regime —   Computing cross-timeframe features...
[2026-06-18 18:28:40] INFO     regime —   Computing leading features...
[2026-06-18 18:28:40] INFO     regime —   Dropped 594 rows with NaN (39.6%)
[2026-06-18 18:28:40] INFO     regime —   Normalizing features with expanding Z-score...
[2026-06-18 18:28:40] INFO     regime —   Feature extraction complete: 55 features, 707 samples
[2026-06-18 18:28:41] INFO     regime — BOCPD processed 707 samples, 0 alerts fired (0.0%)
[2026-06-18 18:28:41] INFO     regime — Starting feature extraction pipeline...
[2026-06-18 18:28:41] INFO     regime —   Resampling to H1, H4...
[2026-06-18 18:28:41] INFO     regime —   Computing return features...
[2026-06-18 18:28:44] INFO     regime —   Computing volatility features...
[2026-06-18 18:28:44] INFO     regime —   Computing trend/momentum features...
[2026-06-18 18:28:44] INFO     regime —   Computing volume features...
[2026-06-18 18:28:44] INFO     regime —   Computing cross-timeframe features...
[2026-06-18 18:28:44] INFO     regime —   Computing leading features...
[2026-06-18 18:28:44] INFO     regime —   Dropped 594 rows with NaN (39.6%)
[2026-06-18 18:28:44] INFO     regime —   Normalizing features with expanding Z-score...
[2026-06-18 18:28:44] INFO     regime —   Feature extraction complete: 55 features, 707 samples
[2026-06-18 18:28:45] INFO     regime — BOCPD processed 707 samples, 0 alerts fired (0.0%)
[2026-06-18 18:30:06] INFO     regime — Starting feature extraction pipeline...
[2026-06-18 18:30:06] INFO     regime —   Resampling to H1, H4...
[2026-06-18 18:30:06] INFO     regime —   Computing return features...
[2026-06-18 18:30:08] INFO     regime —   Computing volatility features...
[2026-06-18 18:30:08] INFO     regime —   Computing trend/momentum features...
[2026-06-18 18:30:08] INFO     regime —   Computing volume features...
[2026-06-18 18:30:08] INFO     regime —   Computing cross-timeframe features...
[2026-06-18 18:30:08] INFO     regime —   Computing leading features...
[2026-06-18 18:30:08] INFO     regime —   Dropped 593 rows with NaN (39.5%)
[2026-06-18 18:30:08] INFO     regime —   Normalizing features with expanding Z-score...
[2026-06-18 18:30:08] INFO     regime —   Feature extraction complete: 55 features, 708 samples
[2026-06-18 18:30:10] INFO     regime — BOCPD processed 708 samples, 0 alerts fired (0.0%)
[2026-06-18 18:30:10] INFO     regime — Starting feature extraction pipeline...
[2026-06-18 18:30:10] INFO     regime —   Resampling to H1, H4...
[2026-06-18 18:30:10] INFO     regime —   Computing return features...
[2026-06-18 18:30:13] INFO     regime —   Computing volatility features...
[2026-06-18 18:30:13] INFO     regime —   Computing trend/momentum features...
[2026-06-18 18:30:13] INFO     regime —   Computing volume features...
[2026-06-18 18:30:13] INFO     regime —   Computing cross-timeframe features...
[2026-06-18 18:30:13] INFO     regime —   Computing leading features...
[2026-06-18 18:30:13] INFO     regime —   Dropped 593 rows with NaN (39.5%)
[2026-06-18 18:30:13] INFO     regime —   Normalizing features with expanding Z-score...
[2026-06-18 18:30:13] INFO     regime —   Feature extraction complete: 55 features, 708 samples
[2026-06-18 18:30:15] INFO     regime — BOCPD processed 708 samples, 0 alerts fired (0.0%)
[2026-06-18 18:35:05] INFO     regime — Starting feature extraction pipeline...
[2026-06-18 18:35:05] INFO     regime —   Resampling to H1, H4...
[2026-06-18 18:35:05] INFO     regime —   Computing return features...
[2026-06-18 18:35:08] INFO     regime —   Computing volatility features...
[2026-06-18 18:35:08] INFO     regime —   Computing trend/momentum features...
[2026-06-18 18:35:08] INFO     regime —   Computing volume features...
[2026-06-18 18:35:09] INFO     regime —   Computing cross-timeframe features...
[2026-06-18 18:35:09] INFO     regime —   Computing leading features...
[2026-06-18 18:35:09] INFO     regime —   Dropped 592 rows with NaN (39.5%)
[2026-06-18 18:35:09] INFO     regime —   Normalizing features with expanding Z-score...
[2026-06-18 18:35:09] INFO     regime —   Feature extraction complete: 55 features, 709 samples
[2026-06-18 18:35:10] INFO     regime — BOCPD processed 709 samples, 0 alerts fired (0.0%)
[2026-06-18 18:35:11] INFO     regime — Starting feature extraction pipeline...
[2026-06-18 18:35:11] INFO     regime —   Resampling to H1, H4...
[2026-06-18 18:35:11] INFO     regime —   Computing return features...
[2026-06-18 18:35:13] INFO     regime —   Computing volatility features...
[2026-06-18 18:35:13] INFO     regime —   Computing trend/momentum features...
[2026-06-18 18:35:13] INFO     regime —   Computing volume features...
[2026-06-18 18:35:13] INFO     regime —   Computing cross-timeframe features...
[2026-06-18 18:35:13] INFO     regime —   Computing leading features...
[2026-06-18 18:35:13] INFO     regime —   Dropped 592 rows with NaN (39.5%)
[2026-06-18 18:35:13] INFO     regime —   Normalizing features with expanding Z-score...
[2026-06-18 18:35:13] INFO     regime —   Feature extraction complete: 55 features, 709 samples
[2026-06-18 18:35:15] INFO     regime — BOCPD processed 709 samples, 0 alerts fired (0.0%)
[2026-06-18 18:40:06] INFO     regime — Starting feature extraction pipeline...
[2026-06-18 18:40:06] INFO     regime —   Resampling to H1, H4...
[2026-06-18 18:40:08] INFO     regime —   Computing return features...
[2026-06-18 18:40:47] INFO     regime —   Computing volatility features...
[2026-06-18 18:40:47] INFO     regime —   Computing trend/momentum features...
[2026-06-18 18:40:48] INFO     regime —   Computing volume features...
[2026-06-18 18:40:51] INFO     regime —   Computing cross-timeframe features...
[2026-06-18 18:40:52] INFO     regime —   Computing leading features...
[2026-06-18 18:40:52] INFO     regime —   Dropped 591 rows with NaN (39.4%)
[2026-06-18 18:40:52] INFO     regime —   Normalizing features with expanding Z-score...
[2026-06-18 18:40:53] INFO     regime —   Feature extraction complete: 55 features, 710 samples
[2026-06-18 18:41:12] INFO     regime — BOCPD processed 710 samples, 0 alerts fired (0.0%)
[2026-06-18 18:41:28] INFO     regime — Starting feature extraction pipeline...
[2026-06-18 18:41:28] INFO     regime —   Resampling to H1, H4...
[2026-06-18 18:41:28] INFO     regime —   Computing return features...
[2026-06-18 18:41:45] INFO     regime —   Computing volatility features...
[2026-06-18 18:41:45] INFO     regime —   Computing trend/momentum features...
[2026-06-18 18:41:45] INFO     regime —   Computing volume features...
[2026-06-18 18:41:46] INFO     regime —   Computing cross-timeframe features...
[2026-06-18 18:41:46] INFO     regime —   Computing leading features...
[2026-06-18 18:41:46] INFO     regime —   Dropped 591 rows with NaN (39.4%)
[2026-06-18 18:41:46] INFO     regime —   Normalizing features with expanding Z-score...
[2026-06-18 18:41:47] INFO     regime —   Feature extraction complete: 55 features, 710 samples
[2026-06-18 18:41:58] INFO     regime — BOCPD processed 710 samples, 0 alerts fired (0.0%)
[2026-06-18 18:45:08] INFO     regime — Starting feature extraction pipeline...
[2026-06-18 18:45:08] INFO     regime —   Resampling to H1, H4...
[2026-06-18 18:45:09] INFO     regime —   Computing return features...
[2026-06-18 18:46:00] INFO     regime —   Computing volatility features...
[2026-06-18 18:46:00] INFO     regime —   Computing trend/momentum features...
[2026-06-18 18:46:01] INFO     regime —   Computing volume features...
[2026-06-18 18:46:04] INFO     regime —   Computing cross-timeframe features...
[2026-06-18 18:46:05] INFO     regime —   Computing leading features...
[2026-06-18 18:46:06] INFO     regime —   Dropped 590 rows with NaN (39.3%)
[2026-06-18 18:46:06] INFO     regime —   Normalizing features with expanding Z-score...
[2026-06-18 18:46:06] INFO     regime —   Feature extraction complete: 55 features, 711 samples
[2026-06-18 18:46:27] INFO     regime — BOCPD processed 711 samples, 0 alerts fired (0.0%)
[2026-06-18 18:46:39] INFO     regime — Starting feature extraction pipeline...
[2026-06-18 18:46:39] INFO     regime —   Resampling to H1, H4...
[2026-06-18 18:46:39] INFO     regime —   Computing return features...
[2026-06-18 18:46:50] INFO     regime —   Computing volatility features...
[2026-06-18 18:46:50] INFO     regime —   Computing trend/momentum features...
[2026-06-18 18:46:50] INFO     regime —   Computing volume features...
[2026-06-18 18:46:50] INFO     regime —   Computing cross-timeframe features...
[2026-06-18 18:46:51] INFO     regime —   Computing leading features...
[2026-06-18 18:46:51] INFO     regime —   Dropped 590 rows with NaN (39.3%)
[2026-06-18 18:46:51] INFO     regime —   Normalizing features with expanding Z-score...
[2026-06-18 18:46:51] INFO     regime —   Feature extraction complete: 55 features, 711 samples
[2026-06-18 18:46:56] INFO     regime — BOCPD processed 711 samples, 0 alerts fired (0.0%)
[2026-06-18 18:50:06] INFO     regime — Starting feature extraction pipeline...
[2026-06-18 18:50:06] INFO     regime —   Resampling to H1, H4...
[2026-06-18 18:50:06] INFO     regime —   Computing return features...
[2026-06-18 18:50:15] INFO     regime —   Computing volatility features...
[2026-06-18 18:50:15] INFO     regime —   Computing trend/momentum features...
[2026-06-18 18:50:15] INFO     regime —   Computing volume features...
[2026-06-18 18:50:16] INFO     regime —   Computing cross-timeframe features...
[2026-06-18 18:50:17] INFO     regime —   Computing leading features...
[2026-06-18 18:50:17] INFO     regime —   Dropped 589 rows with NaN (39.3%)
[2026-06-18 18:50:17] INFO     regime —   Normalizing features with expanding Z-score...
[2026-06-18 18:50:17] INFO     regime —   Feature extraction complete: 55 features, 712 samples
[2026-06-18 18:50:23] INFO     regime — BOCPD processed 712 samples, 0 alerts fired (0.0%)
[2026-06-18 18:50:25] INFO     regime — Starting feature extraction pipeline...
[2026-06-18 18:50:25] INFO     regime —   Resampling to H1, H4...
[2026-06-18 18:50:25] INFO     regime —   Computing return features...
[2026-06-18 18:50:37] INFO     regime —   Computing volatility features...
[2026-06-18 18:50:37] INFO     regime —   Computing trend/momentum features...
[2026-06-18 18:50:38] INFO     regime —   Computing volume features...
[2026-06-18 18:50:39] INFO     regime —   Computing cross-timeframe features...
[2026-06-18 18:50:39] INFO     regime —   Computing leading features...
[2026-06-18 18:50:39] INFO     regime —   Dropped 589 rows with NaN (39.3%)
[2026-06-18 18:50:39] INFO     regime —   Normalizing features with expanding Z-score...
[2026-06-18 18:50:39] INFO     regime —   Feature extraction complete: 55 features, 712 samples
[2026-06-18 18:50:45] INFO     regime — BOCPD processed 712 samples, 0 alerts fired (0.0%)
[2026-06-18 18:54:02] INFO     regime — Loaded RegimeHMM from C:\Users\MYCkey98\Desktop\Organized_Files\05_ML_Projects\high precision HMM\outputs\models\regime_hmm.pkl
[2026-06-18 18:54:03] INFO     regime — Loaded MultiFeatureBOCPD from C:\Users\MYCkey98\Desktop\Organized_Files\05_ML_Projects\high precision HMM\outputs\models\multi_bocpd.pkl
[2026-06-18 18:54:03] INFO     regime — Built LSTM model: 75,878 parameters, input_size=22
[2026-06-18 18:54:03] INFO     regime — Loaded RegimeLSTM from C:\Users\MYCkey98\Desktop\Organized_Files\05_ML_Projects\high precision HMM\outputs\models\regime_lstm.pt
[2026-06-18 18:54:03] INFO     regime — Loaded all 3 layers for regime prediction
[2026-06-18 18:54:03] INFO     regime — Starting feature extraction pipeline...
[2026-06-18 18:54:03] INFO     regime —   Resampling to H1, H4...
[2026-06-18 18:54:13] INFO     regime — Starting feature extraction pipeline...
[2026-06-18 18:54:13] INFO     regime —   Resampling to H1, H4...
[2026-06-18 18:54:23] INFO     regime — Starting feature extraction pipeline...
[2026-06-18 18:54:23] INFO     regime —   Resampling to H1, H4...
[2026-06-18 18:54:33] INFO     regime — Starting feature extraction pipeline...
[2026-06-18 18:54:33] INFO     regime —   Resampling to H1, H4...
[2026-06-18 18:54:43] INFO     regime — Starting feature extraction pipeline...
[2026-06-18 18:54:43] INFO     regime —   Resampling to H1, H4...
[2026-06-18 18:54:53] INFO     regime — Starting feature extraction pipeline...
[2026-06-18 18:54:53] INFO     regime —   Resampling to H1, H4...
[2026-06-18 18:55:03] INFO     regime — Starting feature extraction pipeline...
[2026-06-18 18:55:03] INFO     regime —   Resampling to H1, H4...
[2026-06-18 18:55:13] INFO     regime — Starting feature extraction pipeline...
[2026-06-18 18:55:13] INFO     regime —   Resampling to H1, H4...
[2026-06-18 18:55:23] INFO     regime — Starting feature extraction pipeline...
[2026-06-18 18:55:23] INFO     regime —   Resampling to H1, H4...
[2026-06-18 18:55:33] INFO     regime — Starting feature extraction pipeline...
[2026-06-18 18:55:33] INFO     regime —   Resampling to H1, H4...
[2026-06-18 18:55:43] INFO     regime — Starting feature extraction pipeline...
[2026-06-18 18:55:43] INFO     regime —   Resampling to H1, H4...
[2026-06-18 18:55:53] INFO     regime — Starting feature extraction pipeline...
[2026-06-18 18:55:53] INFO     regime —   Resampling to H1, H4...
[2026-06-18 18:56:03] INFO     regime — Starting feature extraction pipeline...
[2026-06-18 18:56:03] INFO     regime —   Resampling to H1, H4...
[2026-06-18 18:56:13] INFO     regime — Starting feature extraction pipeline...
[2026-06-18 18:56:13] INFO     regime —   Resampling to H1, H4...
[2026-06-18 18:56:23] INFO     regime — Starting feature extraction pipeline...
[2026-06-18 18:56:23] INFO     regime —   Resampling to H1, H4...
[2026-06-18 18:56:33] INFO     regime — Starting feature extraction pipeline...
[2026-06-18 18:56:33] INFO     regime —   Resampling to H1, H4...
[2026-06-18 18:56:43] INFO     regime — Starting feature extraction pipeline...
[2026-06-18 18:56:43] INFO     regime —   Resampling to H1, H4...
[2026-06-18 18:56:53] INFO     regime — Starting feature extraction pipeline...
[2026-06-18 18:56:53] INFO     regime —   Resampling to H1, H4...
[2026-06-18 18:57:04] INFO     regime — Starting feature extraction pipeline...
[2026-06-18 18:57:04] INFO     regime —   Resampling to H1, H4...
[2026-06-18 18:57:14] INFO     regime — Starting feature extraction pipeline...
[2026-06-18 18:57:14] INFO     regime —   Resampling to H1, H4...
[2026-06-18 18:57:24] INFO     regime — Starting feature extraction pipeline...
[2026-06-18 18:57:24] INFO     regime —   Resampling to H1, H4...
[2026-06-18 18:57:34] INFO     regime — Starting feature extraction pipeline...
[2026-06-18 18:57:34] INFO     regime —   Resampling to H1, H4...
[2026-06-18 18:57:44] INFO     regime — Starting feature extraction pipeline...
[2026-06-18 18:57:44] INFO     regime —   Resampling to H1, H4...
[2026-06-18 18:57:54] INFO     regime — Starting feature extraction pipeline...
[2026-06-18 18:57:54] INFO     regime —   Resampling to H1, H4...
[2026-06-18 18:58:04] INFO     regime — Starting feature extraction pipeline...
[2026-06-18 18:58:04] INFO     regime —   Resampling to H1, H4...
[2026-06-18 18:58:14] INFO     regime — Starting feature extraction pipeline...
[2026-06-18 18:58:14] INFO     regime —   Resampling to H1, H4...
[2026-06-18 18:58:24] INFO     regime — Starting feature extraction pipeline...
[2026-06-18 18:58:24] INFO     regime —   Resampling to H1, H4...
[2026-06-18 18:58:34] INFO     regime — Starting feature extraction pipeline...
[2026-06-18 18:58:34] INFO     regime —   Resampling to H1, H4...
[2026-06-18 18:58:44] INFO     regime — Starting feature extraction pipeline...
[2026-06-18 18:58:44] INFO     regime —   Resampling to H1, H4...
[2026-06-18 18:58:54] INFO     regime — Starting feature extraction pipeline...
[2026-06-18 18:58:54] INFO     regime —   Resampling to H1, H4...
[2026-06-18 18:59:04] INFO     regime — Starting feature extraction pipeline...
[2026-06-18 18:59:04] INFO     regime —   Resampling to H1, H4...
[2026-06-18 18:59:14] INFO     regime — Starting feature extraction pipeline...
[2026-06-18 18:59:14] INFO     regime —   Resampling to H1, H4...
[2026-06-18 18:59:24] INFO     regime — Starting feature extraction pipeline...
[2026-06-18 18:59:24] INFO     regime —   Resampling to H1, H4...
[2026-06-18 18:59:34] INFO     regime — Starting feature extraction pipeline...
[2026-06-18 18:59:34] INFO     regime —   Resampling to H1, H4...
[2026-06-18 18:59:44] INFO     regime — Starting feature extraction pipeline...
[2026-06-18 18:59:44] INFO     regime —   Resampling to H1, H4...
[2026-06-18 18:59:54] INFO     regime — Starting feature extraction pipeline...
[2026-06-18 18:59:54] INFO     regime —   Resampling to H1, H4...
[2026-06-18 19:00:04] INFO     regime — Starting feature extraction pipeline...
[2026-06-18 19:00:04] INFO     regime —   Resampling to H1, H4...
[2026-06-18 19:00:14] INFO     regime — Starting feature extraction pipeline...
[2026-06-18 19:00:14] INFO     regime —   Resampling to H1, H4...
[2026-06-18 19:00:24] INFO     regime — Starting feature extraction pipeline...
[2026-06-18 19:00:24] INFO     regime —   Resampling to H1, H4...
[2026-06-18 19:00:34] INFO     regime — Starting feature extraction pipeline...
[2026-06-18 19:00:34] INFO     regime —   Resampling to H1, H4...
[2026-06-18 19:00:44] INFO     regime — Starting feature extraction pipeline...
[2026-06-18 19:00:44] INFO     regime —   Resampling to H1, H4...
[2026-06-18 19:00:54] INFO     regime — Starting feature extraction pipeline...
[2026-06-18 19:00:54] INFO     regime —   Resampling to H1, H4...
[2026-06-18 19:01:04] INFO     regime — Starting feature extraction pipeline...
[2026-06-18 19:01:04] INFO     regime —   Resampling to H1, H4...
[2026-06-18 19:01:14] INFO     regime — Starting feature extraction pipeline...
[2026-06-18 19:01:14] INFO     regime —   Resampling to H1, H4...
[2026-06-18 19:01:25] INFO     regime — Starting feature extraction pipeline...
[2026-06-18 19:01:25] INFO     regime —   Resampling to H1, H4...
[2026-06-18 19:01:35] INFO     regime — Starting feature extraction pipeline...
[2026-06-18 19:01:35] INFO     regime —   Resampling to H1, H4...
[2026-06-18 19:01:45] INFO     regime — Starting feature extraction pipeline...
[2026-06-18 19:01:45] INFO     regime —   Resampling to H1, H4...
[2026-06-18 19:01:55] INFO     regime — Starting feature extraction pipeline...
[2026-06-18 19:01:55] INFO     regime —   Resampling to H1, H4...
[2026-06-18 19:02:05] INFO     regime — Starting feature extraction pipeline...
[2026-06-18 19:02:05] INFO     regime —   Resampling to H1, H4...
[2026-06-18 19:02:15] INFO     regime — Starting feature extraction pipeline...
[2026-06-18 19:02:15] INFO     regime —   Resampling to H1, H4...
[2026-06-18 19:02:25] INFO     regime — Starting feature extraction pipeline...
[2026-06-18 19:02:25] INFO     regime —   Resampling to H1, H4...
[2026-06-18 19:02:35] INFO     regime — Starting feature extraction pipeline...
[2026-06-18 19:02:35] INFO     regime —   Resampling to H1, H4...
[2026-06-18 19:02:45] INFO     regime — Starting feature extraction pipeline...
[2026-06-18 19:02:45] INFO     regime —   Resampling to H1, H4...
[2026-06-18 19:02:55] INFO     regime — Starting feature extraction pipeline...
[2026-06-18 19:02:55] INFO     regime —   Resampling to H1, H4...
[2026-06-18 19:03:05] INFO     regime — Starting feature extraction pipeline...
[2026-06-18 19:03:05] INFO     regime —   Resampling to H1, H4...
[2026-06-18 19:03:15] INFO     regime — Starting feature extraction pipeline...
[2026-06-18 19:03:15] INFO     regime —   Resampling to H1, H4...
[2026-06-18 19:03:25] INFO     regime — Starting feature extraction pipeline...
[2026-06-18 19:03:25] INFO     regime —   Resampling to H1, H4...
[2026-06-18 19:03:35] INFO     regime — Starting feature extraction pipeline...
[2026-06-18 19:03:35] INFO     regime —   Resampling to H1, H4...
[2026-06-18 19:03:45] INFO     regime — Starting feature extraction pipeline...
[2026-06-18 19:03:45] INFO     regime —   Resampling to H1, H4...
[2026-06-18 19:03:55] INFO     regime — Starting feature extraction pipeline...
[2026-06-18 19:03:55] INFO     regime —   Resampling to H1, H4...
[2026-06-18 19:04:05] INFO     regime — Starting feature extraction pipeline...
[2026-06-18 19:04:05] INFO     regime —   Resampling to H1, H4...
[2026-06-18 19:04:15] INFO     regime — Starting feature extraction pipeline...
[2026-06-18 19:04:15] INFO     regime —   Resampling to H1, H4...
[2026-06-18 19:04:25] INFO     regime — Starting feature extraction pipeline...
[2026-06-18 19:04:25] INFO     regime —   Resampling to H1, H4...
[2026-06-18 19:04:35] INFO     regime — Starting feature extraction pipeline...
[2026-06-18 19:04:35] INFO     regime —   Resampling to H1, H4...
[2026-06-18 19:04:45] INFO     regime — Starting feature extraction pipeline...
[2026-06-18 19:04:45] INFO     regime —   Resampling to H1, H4...
[2026-06-18 19:04:55] INFO     regime — Starting feature extraction pipeline...
[2026-06-18 19:04:55] INFO     regime —   Resampling to H1, H4...
[2026-06-18 19:05:05] INFO     regime — Starting feature extraction pipeline...
[2026-06-18 19:05:05] INFO     regime —   Resampling to H1, H4...
[2026-06-18 19:05:15] INFO     regime — Starting feature extraction pipeline...
[2026-06-18 19:05:15] INFO     regime —   Resampling to H1, H4...
[2026-06-18 19:05:25] INFO     regime — Starting feature extraction pipeline...
[2026-06-18 19:05:25] INFO     regime —   Resampling to H1, H4...
[2026-06-18 19:05:35] INFO     regime — Starting feature extraction pipeline...
[2026-06-18 19:05:35] INFO     regime —   Resampling to H1, H4...
[2026-06-18 19:05:45] INFO     regime — Starting feature extraction pipeline...
[2026-06-18 19:05:45] INFO     regime —   Resampling to H1, H4...
[2026-06-18 19:05:55] INFO     regime — Starting feature extraction pipeline...
[2026-06-18 19:05:55] INFO     regime —   Resampling to H1, H4...
[2026-06-18 19:06:05] INFO     regime — Starting feature extraction pipeline...
[2026-06-18 19:06:05] INFO     regime —   Resampling to H1, H4...
[2026-06-18 19:06:15] INFO     regime — Starting feature extraction pipeline...
[2026-06-18 19:06:15] INFO     regime —   Resampling to H1, H4...
[2026-06-18 19:06:25] INFO     regime — Starting feature extraction pipeline...
[2026-06-18 19:06:25] INFO     regime —   Resampling to H1, H4...
[2026-06-18 19:06:36] INFO     regime — Starting feature extraction pipeline...
[2026-06-18 19:06:36] INFO     regime —   Resampling to H1, H4...
[2026-06-18 19:06:46] INFO     regime — Starting feature extraction pipeline...
[2026-06-18 19:06:46] INFO     regime —   Resampling to H1, H4...
[2026-06-18 19:06:56] INFO     regime — Starting feature extraction pipeline...
[2026-06-18 19:06:56] INFO     regime —   Resampling to H1, H4...
[2026-06-18 19:07:06] INFO     regime — Starting feature extraction pipeline...
[2026-06-18 19:07:06] INFO     regime —   Resampling to H1, H4...
[2026-06-18 19:07:16] INFO     regime — Starting feature extraction pipeline...
[2026-06-18 19:07:16] INFO     regime —   Resampling to H1, H4...
[2026-06-18 19:07:26] INFO     regime — Starting feature extraction pipeline...
[2026-06-18 19:07:26] INFO     regime —   Resampling to H1, H4...
[2026-06-18 19:07:36] INFO     regime — Starting feature extraction pipeline...
[2026-06-18 19:07:36] INFO     regime —   Resampling to H1, H4...
[2026-06-18 19:07:46] INFO     regime — Starting feature extraction pipeline...
[2026-06-18 19:07:46] INFO     regime —   Resampling to H1, H4...
[2026-06-18 19:07:56] INFO     regime — Starting feature extraction pipeline...
[2026-06-18 19:07:56] INFO     regime —   Resampling to H1, H4...
[2026-06-18 19:08:06] INFO     regime — Starting feature extraction pipeline...
[2026-06-18 19:08:06] INFO     regime —   Resampling to H1, H4...
[2026-06-18 19:08:16] INFO     regime — Starting feature extraction pipeline...
[2026-06-18 19:08:16] INFO     regime —   Resampling to H1, H4...
[2026-06-18 19:08:26] INFO     regime — Starting feature extraction pipeline...
[2026-06-18 19:08:26] INFO     regime —   Resampling to H1, H4...
[2026-06-18 19:08:36] INFO     regime — Starting feature extraction pipeline...
[2026-06-18 19:08:36] INFO     regime —   Resampling to H1, H4...
[2026-06-18 19:08:46] INFO     regime — Starting feature extraction pipeline...
[2026-06-18 19:08:46] INFO     regime —   Resampling to H1, H4...
[2026-06-18 19:08:56] INFO     regime — Starting feature extraction pipeline...
[2026-06-18 19:08:56] INFO     regime —   Resampling to H1, H4...
[2026-06-18 19:09:06] INFO     regime — Starting feature extraction pipeline...
[2026-06-18 19:09:06] INFO     regime —   Resampling to H1, H4...
[2026-06-18 19:09:16] INFO     regime — Starting feature extraction pipeline...
[2026-06-18 19:09:16] INFO     regime —   Resampling to H1, H4...
[2026-06-18 19:09:26] INFO     regime — Starting feature extraction pipeline...
[2026-06-18 19:09:26] INFO     regime —   Resampling to H1, H4...
[2026-06-18 19:09:36] INFO     regime — Starting feature extraction pipeline...
[2026-06-18 19:09:36] INFO     regime —   Resampling to H1, H4...
[2026-06-18 19:09:46] INFO     regime — Starting feature extraction pipeline...
[2026-06-18 19:09:46] INFO     regime —   Resampling to H1, H4...
[2026-06-18 19:09:56] INFO     regime — Starting feature extraction pipeline...
[2026-06-18 19:09:56] INFO     regime —   Resampling to H1, H4...
[2026-06-18 19:10:06] INFO     regime — Starting feature extraction pipeline...
[2026-06-18 19:10:06] INFO     regime —   Resampling to H1, H4...
[2026-06-18 19:10:16] INFO     regime — Starting feature extraction pipeline...
[2026-06-18 19:10:16] INFO     regime —   Resampling to H1, H4...
[2026-06-18 19:10:26] INFO     regime — Starting feature extraction pipeline...
[2026-06-18 19:10:26] INFO     regime —   Resampling to H1, H4...
[2026-06-18 19:10:36] INFO     regime — Starting feature extraction pipeline...
[2026-06-18 19:10:36] INFO     regime —   Resampling to H1, H4...
[2026-06-18 19:10:46] INFO     regime — Starting feature extraction pipeline...
[2026-06-18 19:10:46] INFO     regime —   Resampling to H1, H4...
[2026-06-18 19:10:56] INFO     regime — Starting feature extraction pipeline...
[2026-06-18 19:10:56] INFO     regime —   Resampling to H1, H4...
[2026-06-18 19:11:06] INFO     regime — Starting feature extraction pipeline...
[2026-06-18 19:11:06] INFO     regime —   Resampling to H1, H4...
[2026-06-18 19:11:16] INFO     regime — Starting feature extraction pipeline...
[2026-06-18 19:11:16] INFO     regime —   Resampling to H1, H4...
[2026-06-18 19:11:26] INFO     regime — Starting feature extraction pipeline...
[2026-06-18 19:11:26] INFO     regime —   Resampling to H1, H4...
[2026-06-18 19:11:36] INFO     regime — Starting feature extraction pipeline...
[2026-06-18 19:11:36] INFO     regime —   Resampling to H1, H4...
[2026-06-18 19:11:46] INFO     regime — Starting feature extraction pipeline...
[2026-06-18 19:11:46] INFO     regime —   Resampling to H1, H4...
[2026-06-18 19:11:56] INFO     regime — Starting feature extraction pipeline...
[2026-06-18 19:11:56] INFO     regime —   Resampling to H1, H4...
[2026-06-18 19:12:06] INFO     regime — Starting feature extraction pipeline...
[2026-06-18 19:12:06] INFO     regime —   Resampling to H1, H4...
[2026-06-18 19:12:16] INFO     regime — Starting feature extraction pipeline...
[2026-06-18 19:12:16] INFO     regime —   Resampling to H1, H4...
[2026-06-18 19:12:26] INFO     regime — Starting feature extraction pipeline...
[2026-06-18 19:12:26] INFO     regime —   Resampling to H1, H4...
[2026-06-18 19:12:36] INFO     regime — Starting feature extraction pipeline...
[2026-06-18 19:12:36] INFO     regime —   Resampling to H1, H4...
[2026-06-18 19:12:46] INFO     regime — Starting feature extraction pipeline...
[2026-06-18 19:12:46] INFO     regime —   Resampling to H1, H4...
[2026-06-18 19:12:56] INFO     regime — Starting feature extraction pipeline...
[2026-06-18 19:12:56] INFO     regime —   Resampling to H1, H4...
[2026-06-18 19:13:06] INFO     regime — Starting feature extraction pipeline...
[2026-06-18 19:13:06] INFO     regime —   Resampling to H1, H4...
[2026-06-18 19:13:16] INFO     regime — Starting feature extraction pipeline...
[2026-06-18 19:13:16] INFO     regime —   Resampling to H1, H4...
[2026-06-18 19:13:26] INFO     regime — Starting feature extraction pipeline...
[2026-06-18 19:13:26] INFO     regime —   Resampling to H1, H4...
[2026-06-18 19:13:37] INFO     regime — Starting feature extraction pipeline...
[2026-06-18 19:13:37] INFO     regime —   Resampling to H1, H4...
[2026-06-18 19:13:47] INFO     regime — Starting feature extraction pipeline...
[2026-06-18 19:13:47] INFO     regime —   Resampling to H1, H4...
[2026-06-18 19:13:57] INFO     regime — Starting feature extraction pipeline...
[2026-06-18 19:13:57] INFO     regime —   Resampling to H1, H4...
[2026-06-18 19:14:07] INFO     regime — Starting feature extraction pipeline...
[2026-06-18 19:14:07] INFO     regime —   Resampling to H1, H4...
[2026-06-18 19:14:17] INFO     regime — Starting feature extraction pipeline...
[2026-06-18 19:14:17] INFO     regime —   Resampling to H1, H4...
[2026-06-18 19:14:27] INFO     regime — Starting feature extraction pipeline...
[2026-06-18 19:14:27] INFO     regime —   Resampling to H1, H4...
[2026-06-18 19:14:37] INFO     regime — Starting feature extraction pipeline...
[2026-06-18 19:14:37] INFO     regime —   Resampling to H1, H4...
[2026-06-18 19:14:47] INFO     regime — Starting feature extraction pipeline...
[2026-06-18 19:14:47] INFO     regime —   Resampling to H1, H4...
[2026-06-18 19:14:57] INFO     regime — Starting feature extraction pipeline...
[2026-06-18 19:14:57] INFO     regime —   Resampling to H1, H4...
[2026-06-18 19:15:07] INFO     regime — Starting feature extraction pipeline...
[2026-06-18 19:15:07] INFO     regime —   Resampling to H1, H4...
[2026-06-18 19:15:17] INFO     regime — Starting feature extraction pipeline...
[2026-06-18 19:15:17] INFO     regime —   Resampling to H1, H4...
[2026-06-18 19:15:27] INFO     regime — Starting feature extraction pipeline...
[2026-06-18 19:15:27] INFO     regime —   Resampling to H1, H4...
[2026-06-18 19:15:37] INFO     regime — Starting feature extraction pipeline...
[2026-06-18 19:15:37] INFO     regime —   Resampling to H1, H4...
[2026-06-18 19:15:47] INFO     regime — Starting feature extraction pipeline...
[2026-06-18 19:15:47] INFO     regime —   Resampling to H1, H4...
[2026-06-18 19:15:57] INFO     regime — Starting feature extraction pipeline...
[2026-06-18 19:15:57] INFO     regime —   Resampling to H1, H4...
[2026-06-18 19:16:07] INFO     regime — Starting feature extraction pipeline...
[2026-06-18 19:16:07] INFO     regime —   Resampling to H1, H4...
[2026-06-18 19:16:17] INFO     regime — Starting feature extraction pipeline...
[2026-06-18 19:16:17] INFO     regime —   Resampling to H1, H4...
[2026-06-18 19:16:27] INFO     regime — Starting feature extraction pipeline...
[2026-06-18 19:16:27] INFO     regime —   Resampling to H1, H4...
[2026-06-18 19:16:37] INFO     regime — Starting feature extraction pipeline...
[2026-06-18 19:16:37] INFO     regime —   Resampling to H1, H4...
[2026-06-18 19:16:47] INFO     regime — Starting feature extraction pipeline...
[2026-06-18 19:16:47] INFO     regime —   Resampling to H1, H4...
[2026-06-18 19:16:57] INFO     regime — Starting feature extraction pipeline...
[2026-06-18 19:16:57] INFO     regime —   Resampling to H1, H4...
[2026-06-18 19:17:07] INFO     regime — Starting feature extraction pipeline...
[2026-06-18 19:17:07] INFO     regime —   Resampling to H1, H4...
[2026-06-18 19:17:17] INFO     regime — Starting feature extraction pipeline...
[2026-06-18 19:17:17] INFO     regime —   Resampling to H1, H4...
[2026-06-18 19:17:27] INFO     regime — Starting feature extraction pipeline...
[2026-06-18 19:17:27] INFO     regime —   Resampling to H1, H4...
[2026-06-18 19:17:37] INFO     regime — Starting feature extraction pipeline...
[2026-06-18 19:17:37] INFO     regime —   Resampling to H1, H4...
[2026-06-18 19:17:47] INFO     regime — Starting feature extraction pipeline...
[2026-06-18 19:17:47] INFO     regime —   Resampling to H1, H4...
[2026-06-18 19:17:57] INFO     regime — Starting feature extraction pipeline...
[2026-06-18 19:17:57] INFO     regime —   Resampling to H1, H4...
[2026-06-18 19:18:07] INFO     regime — Starting feature extraction pipeline...
[2026-06-18 19:18:07] INFO     regime —   Resampling to H1, H4...
[2026-06-18 19:18:17] INFO     regime — Starting feature extraction pipeline...
[2026-06-18 19:18:17] INFO     regime —   Resampling to H1, H4...
[2026-06-18 19:18:27] INFO     regime — Starting feature extraction pipeline...
[2026-06-18 19:18:27] INFO     regime —   Resampling to H1, H4...
[2026-06-18 19:18:37] INFO     regime — Starting feature extraction pipeline...
[2026-06-18 19:18:37] INFO     regime —   Resampling to H1, H4...
[2026-06-18 19:18:47] INFO     regime — Starting feature extraction pipeline...
[2026-06-18 19:18:47] INFO     regime —   Resampling to H1, H4...
[2026-06-18 19:18:57] INFO     regime — Starting feature extraction pipeline...
[2026-06-18 19:18:57] INFO     regime —   Resampling to H1, H4...
[2026-06-18 19:19:07] INFO     regime — Starting feature extraction pipeline...
[2026-06-18 19:19:07] INFO     regime —   Resampling to H1, H4...
[2026-06-18 19:19:17] INFO     regime — Starting feature extraction pipeline...
[2026-06-18 19:19:17] INFO     regime —   Resampling to H1, H4...
[2026-06-18 19:19:27] INFO     regime — Starting feature extraction pipeline...
[2026-06-18 19:19:27] INFO     regime —   Resampling to H1, H4...
[2026-06-18 19:19:37] INFO     regime — Starting feature extraction pipeline...
[2026-06-18 19:19:38] INFO     regime —   Resampling to H1, H4...
[2026-06-18 19:21:21] INFO     regime — Loaded RegimeHMM from C:\Users\MYCkey98\Desktop\Organized_Files\05_ML_Projects\high precision HMM\outputs\models\regime_hmm.pkl
[2026-06-18 19:21:21] INFO     regime — Loaded MultiFeatureBOCPD from C:\Users\MYCkey98\Desktop\Organized_Files\05_ML_Projects\high precision HMM\outputs\models\multi_bocpd.pkl
[2026-06-18 19:21:22] INFO     regime — Built LSTM model: 75,878 parameters, input_size=22
[2026-06-18 19:21:22] INFO     regime — Loaded RegimeLSTM from C:\Users\MYCkey98\Desktop\Organized_Files\05_ML_Projects\high precision HMM\outputs\models\regime_lstm.pt
[2026-06-18 19:21:22] INFO     regime — Loaded all 3 layers for regime prediction
[2026-06-18 19:21:22] INFO     regime — Starting feature extraction pipeline...
[2026-06-18 19:21:22] INFO     regime —   Resampling to H1, H4...
[2026-06-18 19:21:22] INFO     regime —   Computing return features...
[2026-06-18 19:21:29] INFO     regime —   Computing volatility features...
[2026-06-18 19:21:29] INFO     regime —   Computing trend/momentum features...
[2026-06-18 19:21:30] INFO     regime —   Computing volume features...
[2026-06-18 19:21:30] INFO     regime —   Computing cross-timeframe features...
[2026-06-18 19:21:30] INFO     regime —   Computing leading features...
[2026-06-18 19:21:30] INFO     regime —   Dropped 595 rows with NaN (39.7%)
[2026-06-18 19:21:30] INFO     regime —   Normalizing features with expanding Z-score...
[2026-06-18 19:21:30] INFO     regime —   Feature extraction complete: 55 features, 706 samples
[2026-06-18 19:21:36] INFO     regime — BOCPD processed 706 samples, 0 alerts fired (0.0%)
[2026-06-18 19:21:37] INFO     regime — Starting feature extraction pipeline...
[2026-06-18 19:21:37] INFO     regime —   Resampling to H1, H4...
[2026-06-18 19:21:37] INFO     regime —   Computing return features...
[2026-06-18 19:21:45] INFO     regime —   Computing volatility features...
[2026-06-18 19:21:45] INFO     regime —   Computing trend/momentum features...
[2026-06-18 19:21:45] INFO     regime —   Computing volume features...
[2026-06-18 19:21:46] INFO     regime —   Computing cross-timeframe features...
[2026-06-18 19:21:46] INFO     regime —   Computing leading features...
[2026-06-18 19:21:46] INFO     regime —   Dropped 595 rows with NaN (39.7%)
[2026-06-18 19:21:46] INFO     regime —   Normalizing features with expanding Z-score...
[2026-06-18 19:21:46] INFO     regime —   Feature extraction complete: 55 features, 706 samples
[2026-06-18 19:21:52] INFO     regime — BOCPD processed 706 samples, 0 alerts fired (0.0%)
[2026-06-18 19:25:02] INFO     regime — Starting feature extraction pipeline...
[2026-06-18 19:25:02] INFO     regime —   Resampling to H1, H4...
[2026-06-18 19:25:02] INFO     regime —   Computing return features...
[2026-06-18 19:25:12] INFO     regime —   Computing volatility features...
[2026-06-18 19:25:12] INFO     regime —   Computing trend/momentum features...
[2026-06-18 19:25:12] INFO     regime —   Computing volume features...
[2026-06-18 19:25:13] INFO     regime —   Computing cross-timeframe features...
[2026-06-18 19:25:13] INFO     regime —   Computing leading features...
[2026-06-18 19:25:13] INFO     regime —   Dropped 594 rows with NaN (39.6%)
[2026-06-18 19:25:13] INFO     regime —   Normalizing features with expanding Z-score...
[2026-06-18 19:25:14] INFO     regime —   Feature extraction complete: 55 features, 707 samples
[2026-06-18 19:25:18] INFO     regime — BOCPD processed 707 samples, 0 alerts fired (0.0%)
[2026-06-18 19:25:19] INFO     regime — Starting feature extraction pipeline...
[2026-06-18 19:25:19] INFO     regime —   Resampling to H1, H4...
[2026-06-18 19:25:19] INFO     regime —   Computing return features...
[2026-06-18 19:25:29] INFO     regime —   Computing volatility features...
[2026-06-18 19:25:29] INFO     regime —   Computing trend/momentum features...
[2026-06-18 19:25:29] INFO     regime —   Computing volume features...
[2026-06-18 19:25:30] INFO     regime —   Computing cross-timeframe features...
[2026-06-18 19:25:30] INFO     regime —   Computing leading features...
[2026-06-18 19:25:30] INFO     regime —   Dropped 594 rows with NaN (39.6%)
[2026-06-18 19:25:30] INFO     regime —   Normalizing features with expanding Z-score...
[2026-06-18 19:25:30] INFO     regime —   Feature extraction complete: 55 features, 707 samples
[2026-06-18 19:25:36] INFO     regime — BOCPD processed 707 samples, 0 alerts fired (0.0%)
[2026-06-19 05:59:12] INFO     regime — Loaded RegimeHMM from C:\Users\MYCkey98\Desktop\Organized_Files\05_ML_Projects\high precision HMM\outputs\models\regime_hmm.pkl
[2026-06-19 05:59:12] INFO     regime — Loaded MultiFeatureBOCPD from C:\Users\MYCkey98\Desktop\Organized_Files\05_ML_Projects\high precision HMM\outputs\models\multi_bocpd.pkl
[2026-06-19 05:59:12] INFO     regime — Built LSTM model: 75,878 parameters, input_size=22
[2026-06-19 05:59:12] INFO     regime — Loaded RegimeLSTM from C:\Users\MYCkey98\Desktop\Organized_Files\05_ML_Projects\high precision HMM\outputs\models\regime_lstm.pt
[2026-06-19 05:59:12] INFO     regime — Loaded all 3 layers for regime prediction
[2026-06-19 05:59:13] INFO     regime — Starting feature extraction pipeline...
[2026-06-19 05:59:13] INFO     regime —   Resampling to H1, H4...
[2026-06-19 05:59:13] INFO     regime —   Computing return features...
[2026-06-19 05:59:16] INFO     regime —   Computing volatility features...
[2026-06-19 05:59:16] INFO     regime —   Computing trend/momentum features...
[2026-06-19 05:59:16] INFO     regime —   Computing volume features...
[2026-06-19 05:59:16] INFO     regime —   Computing cross-timeframe features...
[2026-06-19 05:59:16] INFO     regime —   Computing leading features...
[2026-06-19 05:59:16] INFO     regime —   Dropped 600 rows with NaN (40.0%)
[2026-06-19 05:59:16] INFO     regime —   Normalizing features with expanding Z-score...
[2026-06-19 05:59:16] INFO     regime —   Feature extraction complete: 55 features, 701 samples
[2026-06-19 05:59:19] INFO     regime — BOCPD processed 701 samples, 0 alerts fired (0.0%)
[2026-06-19 05:59:20] INFO     regime — Starting feature extraction pipeline...
[2026-06-19 05:59:20] INFO     regime —   Resampling to H1, H4...
[2026-06-19 05:59:20] INFO     regime —   Computing return features...
[2026-06-19 05:59:22] INFO     regime —   Computing volatility features...
[2026-06-19 05:59:22] INFO     regime —   Computing trend/momentum features...
[2026-06-19 05:59:22] INFO     regime —   Computing volume features...
[2026-06-19 05:59:22] INFO     regime —   Computing cross-timeframe features...
[2026-06-19 05:59:22] INFO     regime —   Computing leading features...
[2026-06-19 05:59:22] INFO     regime —   Dropped 600 rows with NaN (40.0%)
[2026-06-19 05:59:22] INFO     regime —   Normalizing features with expanding Z-score...
[2026-06-19 05:59:23] INFO     regime —   Feature extraction complete: 55 features, 701 samples
[2026-06-19 05:59:24] INFO     regime — BOCPD processed 701 samples, 0 alerts fired (0.0%)
[2026-06-19 06:00:04] INFO     regime — Starting feature extraction pipeline...
[2026-06-19 06:00:04] INFO     regime —   Resampling to H1, H4...
[2026-06-19 06:00:04] INFO     regime —   Computing return features...
[2026-06-19 06:00:07] INFO     regime —   Computing volatility features...
[2026-06-19 06:00:07] INFO     regime —   Computing trend/momentum features...
[2026-06-19 06:00:07] INFO     regime —   Computing volume features...
[2026-06-19 06:00:07] INFO     regime —   Computing cross-timeframe features...
[2026-06-19 06:00:07] INFO     regime —   Computing leading features...
[2026-06-19 06:00:07] INFO     regime —   Dropped 599 rows with NaN (39.9%)
[2026-06-19 06:00:07] INFO     regime —   Normalizing features with expanding Z-score...
[2026-06-19 06:00:07] INFO     regime —   Feature extraction complete: 55 features, 702 samples
[2026-06-19 06:00:10] INFO     regime — BOCPD processed 702 samples, 0 alerts fired (0.0%)
[2026-06-19 06:00:10] INFO     regime — Starting feature extraction pipeline...
[2026-06-19 06:00:10] INFO     regime —   Resampling to H1, H4...
[2026-06-19 06:00:10] INFO     regime —   Computing return features...
[2026-06-19 06:00:13] INFO     regime —   Computing volatility features...
[2026-06-19 06:00:13] INFO     regime —   Computing trend/momentum features...
[2026-06-19 06:00:13] INFO     regime —   Computing volume features...
[2026-06-19 06:00:13] INFO     regime —   Computing cross-timeframe features...
[2026-06-19 06:00:13] INFO     regime —   Computing leading features...
[2026-06-19 06:00:13] INFO     regime —   Dropped 599 rows with NaN (39.9%)
[2026-06-19 06:00:13] INFO     regime —   Normalizing features with expanding Z-score...
[2026-06-19 06:00:13] INFO     regime —   Feature extraction complete: 55 features, 702 samples
[2026-06-19 06:00:15] INFO     regime — BOCPD processed 702 samples, 0 alerts fired (0.0%)
[2026-06-19 06:05:05] INFO     regime — Starting feature extraction pipeline...
[2026-06-19 06:05:05] INFO     regime —   Resampling to H1, H4...
[2026-06-19 06:05:05] INFO     regime —   Computing return features...
[2026-06-19 06:05:07] INFO     regime —   Computing volatility features...
[2026-06-19 06:05:07] INFO     regime —   Computing trend/momentum features...
[2026-06-19 06:05:07] INFO     regime —   Computing volume features...
[2026-06-19 06:05:08] INFO     regime —   Computing cross-timeframe features...
[2026-06-19 06:05:08] INFO     regime —   Computing leading features...
[2026-06-19 06:05:08] INFO     regime —   Dropped 598 rows with NaN (39.9%)
[2026-06-19 06:05:08] INFO     regime —   Normalizing features with expanding Z-score...
[2026-06-19 06:05:08] INFO     regime —   Feature extraction complete: 55 features, 703 samples
[2026-06-19 06:05:10] INFO     regime — BOCPD processed 703 samples, 0 alerts fired (0.0%)
[2026-06-19 06:05:11] INFO     regime — Starting feature extraction pipeline...
[2026-06-19 06:05:11] INFO     regime —   Resampling to H1, H4...
[2026-06-19 06:05:11] INFO     regime —   Computing return features...
[2026-06-19 06:05:13] INFO     regime —   Computing volatility features...
[2026-06-19 06:05:13] INFO     regime —   Computing trend/momentum features...
[2026-06-19 06:05:13] INFO     regime —   Computing volume features...
[2026-06-19 06:05:13] INFO     regime —   Computing cross-timeframe features...
[2026-06-19 06:05:13] INFO     regime —   Computing leading features...
[2026-06-19 06:05:13] INFO     regime —   Dropped 598 rows with NaN (39.9%)
[2026-06-19 06:05:13] INFO     regime —   Normalizing features with expanding Z-score...
[2026-06-19 06:05:14] INFO     regime —   Feature extraction complete: 55 features, 703 samples
[2026-06-19 06:05:15] INFO     regime — BOCPD processed 703 samples, 0 alerts fired (0.0%)
[2026-06-19 08:01:54] INFO     regime — Starting feature extraction pipeline...
[2026-06-19 08:01:54] INFO     regime —   Resampling to H1, H4...
[2026-06-19 08:01:54] INFO     regime —   Computing return features...
[2026-06-19 08:01:57] INFO     regime —   Computing volatility features...
[2026-06-19 08:01:57] INFO     regime —   Computing trend/momentum features...
[2026-06-19 08:01:57] INFO     regime —   Computing volume features...
[2026-06-19 08:01:58] INFO     regime —   Computing cross-timeframe features...
[2026-06-19 08:01:58] INFO     regime —   Computing leading features...
[2026-06-19 08:01:58] INFO     regime —   Dropped 599 rows with NaN (39.9%)
[2026-06-19 08:01:58] INFO     regime —   Normalizing features with expanding Z-score...
[2026-06-19 08:01:58] INFO     regime —   Feature extraction complete: 55 features, 702 samples
[2026-06-19 08:02:00] INFO     regime — BOCPD processed 702 samples, 0 alerts fired (0.0%)
[2026-06-19 08:02:00] INFO     regime — Starting feature extraction pipeline...
[2026-06-19 08:02:00] INFO     regime —   Resampling to H1, H4...
[2026-06-19 08:02:01] INFO     regime —   Computing return features...
[2026-06-19 08:02:04] INFO     regime —   Computing volatility features...
[2026-06-19 08:02:04] INFO     regime —   Computing trend/momentum features...
[2026-06-19 08:02:04] INFO     regime —   Computing volume features...
[2026-06-19 08:02:04] INFO     regime —   Computing cross-timeframe features...
[2026-06-19 08:02:04] INFO     regime —   Computing leading features...
[2026-06-19 08:02:04] INFO     regime —   Dropped 599 rows with NaN (39.9%)
[2026-06-19 08:02:04] INFO     regime —   Normalizing features with expanding Z-score...
[2026-06-19 08:02:04] INFO     regime —   Feature extraction complete: 55 features, 702 samples
[2026-06-19 08:02:06] INFO     regime — BOCPD processed 702 samples, 0 alerts fired (0.0%)
[2026-06-19 08:05:06] INFO     regime — Starting feature extraction pipeline...
[2026-06-19 08:05:06] INFO     regime —   Resampling to H1, H4...
[2026-06-19 08:05:06] INFO     regime —   Computing return features...
[2026-06-19 08:05:09] INFO     regime —   Computing volatility features...
[2026-06-19 08:05:09] INFO     regime —   Computing trend/momentum features...
[2026-06-19 08:05:09] INFO     regime —   Computing volume features...
[2026-06-19 08:05:09] INFO     regime —   Computing cross-timeframe features...
[2026-06-19 08:05:09] INFO     regime —   Computing leading features...
[2026-06-19 08:05:09] INFO     regime —   Dropped 598 rows with NaN (39.9%)
[2026-06-19 08:05:09] INFO     regime —   Normalizing features with expanding Z-score...
[2026-06-19 08:05:09] INFO     regime —   Feature extraction complete: 55 features, 703 samples
[2026-06-19 08:05:11] INFO     regime — BOCPD processed 703 samples, 0 alerts fired (0.0%)
[2026-06-19 08:05:11] INFO     regime — Starting feature extraction pipeline...
[2026-06-19 08:05:11] INFO     regime —   Resampling to H1, H4...
[2026-06-19 08:05:11] INFO     regime —   Computing return features...
[2026-06-19 08:05:15] INFO     regime —   Computing volatility features...
[2026-06-19 08:05:15] INFO     regime —   Computing trend/momentum features...
[2026-06-19 08:05:15] INFO     regime —   Computing volume features...
[2026-06-19 08:05:15] INFO     regime —   Computing cross-timeframe features...
[2026-06-19 08:05:15] INFO     regime —   Computing leading features...
[2026-06-19 08:05:15] INFO     regime —   Dropped 598 rows with NaN (39.9%)
[2026-06-19 08:05:15] INFO     regime —   Normalizing features with expanding Z-score...
[2026-06-19 08:05:15] INFO     regime —   Feature extraction complete: 55 features, 703 samples
[2026-06-19 08:05:17] INFO     regime — BOCPD processed 703 samples, 0 alerts fired (0.0%)
[2026-06-19 08:09:59] INFO     regime — Starting feature extraction pipeline...
[2026-06-19 08:09:59] INFO     regime —   Resampling to H1, H4...
[2026-06-19 08:09:59] INFO     regime —   Computing return features...
[2026-06-19 08:10:02] INFO     regime —   Computing volatility features...
[2026-06-19 08:10:03] INFO     regime —   Computing trend/momentum features...
[2026-06-19 08:10:03] INFO     regime —   Computing volume features...
[2026-06-19 08:10:03] INFO     regime —   Computing cross-timeframe features...
[2026-06-19 08:10:03] INFO     regime —   Computing leading features...
[2026-06-19 08:10:03] INFO     regime —   Dropped 597 rows with NaN (39.8%)
[2026-06-19 08:10:03] INFO     regime —   Normalizing features with expanding Z-score...
[2026-06-19 08:10:03] INFO     regime —   Feature extraction complete: 55 features, 704 samples
[2026-06-19 08:10:05] INFO     regime — BOCPD processed 704 samples, 0 alerts fired (0.0%)
[2026-06-19 08:10:05] INFO     regime — Starting feature extraction pipeline...
[2026-06-19 08:10:05] INFO     regime —   Resampling to H1, H4...
[2026-06-19 08:10:05] INFO     regime —   Computing return features...
[2026-06-19 08:10:08] INFO     regime —   Computing volatility features...
[2026-06-19 08:10:08] INFO     regime —   Computing trend/momentum features...
[2026-06-19 08:10:08] INFO     regime —   Computing volume features...
[2026-06-19 08:10:09] INFO     regime —   Computing cross-timeframe features...
[2026-06-19 08:10:09] INFO     regime —   Computing leading features...
[2026-06-19 08:10:09] INFO     regime —   Dropped 597 rows with NaN (39.8%)
[2026-06-19 08:10:09] INFO     regime —   Normalizing features with expanding Z-score...
[2026-06-19 08:10:09] INFO     regime —   Feature extraction complete: 55 features, 704 samples
[2026-06-19 08:10:10] INFO     regime — BOCPD processed 704 samples, 0 alerts fired (0.0%)
[2026-06-19 08:15:01] INFO     regime — Starting feature extraction pipeline...
[2026-06-19 08:15:01] INFO     regime —   Resampling to H1, H4...
[2026-06-19 08:15:01] INFO     regime —   Computing return features...
[2026-06-19 08:15:03] INFO     regime —   Computing volatility features...
[2026-06-19 08:15:03] INFO     regime —   Computing trend/momentum features...
[2026-06-19 08:15:03] INFO     regime —   Computing volume features...
[2026-06-19 08:15:04] INFO     regime —   Computing cross-timeframe features...
[2026-06-19 08:15:04] INFO     regime —   Computing leading features...
[2026-06-19 08:15:04] INFO     regime —   Dropped 596 rows with NaN (39.7%)
[2026-06-19 08:15:04] INFO     regime —   Normalizing features with expanding Z-score...
[2026-06-19 08:15:04] INFO     regime —   Feature extraction complete: 55 features, 705 samples
[2026-06-19 08:15:05] INFO     regime — BOCPD processed 705 samples, 0 alerts fired (0.0%)
[2026-06-19 08:15:05] INFO     regime — Starting feature extraction pipeline...
[2026-06-19 08:15:05] INFO     regime —   Resampling to H1, H4...
[2026-06-19 08:15:05] INFO     regime —   Computing return features...
[2026-06-19 08:15:08] INFO     regime —   Computing volatility features...
[2026-06-19 08:15:08] INFO     regime —   Computing trend/momentum features...
[2026-06-19 08:15:08] INFO     regime —   Computing volume features...
[2026-06-19 08:15:08] INFO     regime —   Computing cross-timeframe features...
[2026-06-19 08:15:08] INFO     regime —   Computing leading features...
[2026-06-19 08:15:08] INFO     regime —   Dropped 596 rows with NaN (39.7%)
[2026-06-19 08:15:08] INFO     regime —   Normalizing features with expanding Z-score...
[2026-06-19 08:15:08] INFO     regime —   Feature extraction complete: 55 features, 705 samples
[2026-06-19 08:15:10] INFO     regime — BOCPD processed 705 samples, 0 alerts fired (0.0%)
[2026-06-19 08:20:00] INFO     regime — Starting feature extraction pipeline...
[2026-06-19 08:20:00] INFO     regime —   Resampling to H1, H4...
[2026-06-19 08:20:00] INFO     regime —   Computing return features...
[2026-06-19 08:20:03] INFO     regime —   Computing volatility features...
[2026-06-19 08:20:03] INFO     regime —   Computing trend/momentum features...
[2026-06-19 08:20:03] INFO     regime —   Computing volume features...
[2026-06-19 08:20:03] INFO     regime —   Computing cross-timeframe features...
[2026-06-19 08:20:03] INFO     regime —   Computing leading features...
[2026-06-19 08:20:03] INFO     regime —   Dropped 595 rows with NaN (39.7%)
[2026-06-19 08:20:03] INFO     regime —   Normalizing features with expanding Z-score...
[2026-06-19 08:20:03] INFO     regime —   Feature extraction complete: 55 features, 706 samples
[2026-06-19 08:20:05] INFO     regime — BOCPD processed 706 samples, 0 alerts fired (0.0%)
[2026-06-19 08:20:05] INFO     regime — Starting feature extraction pipeline...
[2026-06-19 08:20:05] INFO     regime —   Resampling to H1, H4...
[2026-06-19 08:20:06] INFO     regime —   Computing return features...
[2026-06-19 08:20:09] INFO     regime —   Computing volatility features...
[2026-06-19 08:20:09] INFO     regime —   Computing trend/momentum features...
[2026-06-19 08:20:09] INFO     regime —   Computing volume features...
[2026-06-19 08:20:09] INFO     regime —   Computing cross-timeframe features...
[2026-06-19 08:20:09] INFO     regime —   Computing leading features...
[2026-06-19 08:20:09] INFO     regime —   Dropped 595 rows with NaN (39.7%)
[2026-06-19 08:20:09] INFO     regime —   Normalizing features with expanding Z-score...
[2026-06-19 08:20:09] INFO     regime —   Feature extraction complete: 55 features, 706 samples
[2026-06-19 08:20:11] INFO     regime — BOCPD processed 706 samples, 0 alerts fired (0.0%)
[2026-06-19 08:44:58] INFO     regime — Loaded RegimeHMM from C:\Users\MYCkey98\Desktop\Organized_Files\05_ML_Projects\high precision HMM\outputs\models\regime_hmm.pkl
[2026-06-19 08:44:58] INFO     regime — Loaded MultiFeatureBOCPD from C:\Users\MYCkey98\Desktop\Organized_Files\05_ML_Projects\high precision HMM\outputs\models\multi_bocpd.pkl
[2026-06-19 08:44:58] INFO     regime — Built LSTM model: 75,878 parameters, input_size=22
[2026-06-19 08:44:58] INFO     regime — Loaded RegimeLSTM from C:\Users\MYCkey98\Desktop\Organized_Files\05_ML_Projects\high precision HMM\outputs\models\regime_lstm.pt
[2026-06-19 08:44:58] INFO     regime — Loaded all 3 layers for regime prediction
[2026-06-19 08:44:58] INFO     regime — Starting feature extraction pipeline...
[2026-06-19 08:44:58] INFO     regime —   Resampling to H1, H4...
[2026-06-19 08:44:59] INFO     regime —   Computing return features...
[2026-06-19 08:45:08] INFO     regime —   Computing volatility features...
[2026-06-19 08:45:09] INFO     regime —   Computing trend/momentum features...
[2026-06-19 08:45:09] INFO     regime —   Computing volume features...
[2026-06-19 08:45:09] INFO     regime —   Computing cross-timeframe features...
[2026-06-19 08:45:09] INFO     regime —   Computing leading features...
[2026-06-19 08:45:10] INFO     regime —   Dropped 591 rows with NaN (39.4%)
[2026-06-19 08:45:10] INFO     regime —   Normalizing features with expanding Z-score...
[2026-06-19 08:45:10] INFO     regime —   Feature extraction complete: 55 features, 710 samples
[2026-06-19 08:45:16] INFO     regime — BOCPD processed 710 samples, 0 alerts fired (0.0%)
[2026-06-19 08:45:18] INFO     regime — Starting feature extraction pipeline...
[2026-06-19 08:45:18] INFO     regime —   Resampling to H1, H4...
[2026-06-19 08:45:18] INFO     regime —   Computing return features...
[2026-06-19 08:45:27] INFO     regime —   Computing volatility features...
[2026-06-19 08:45:27] INFO     regime —   Computing trend/momentum features...
[2026-06-19 08:45:27] INFO     regime —   Computing volume features...
[2026-06-19 08:45:28] INFO     regime —   Computing cross-timeframe features...
[2026-06-19 08:45:28] INFO     regime —   Computing leading features...
[2026-06-19 08:45:28] INFO     regime —   Dropped 591 rows with NaN (39.4%)
[2026-06-19 08:45:28] INFO     regime —   Normalizing features with expanding Z-score...
[2026-06-19 08:45:28] INFO     regime —   Feature extraction complete: 55 features, 710 samples
[2026-06-19 08:45:34] INFO     regime — BOCPD processed 710 samples, 0 alerts fired (0.0%)
[2026-06-19 08:45:44] INFO     regime — Starting feature extraction pipeline...
[2026-06-19 08:45:44] INFO     regime —   Resampling to H1, H4...
[2026-06-19 08:45:44] INFO     regime —   Computing return features...
[2026-06-19 08:45:53] INFO     regime —   Computing volatility features...
[2026-06-19 08:45:53] INFO     regime —   Computing trend/momentum features...
[2026-06-19 08:45:53] INFO     regime —   Computing volume features...
[2026-06-19 08:45:54] INFO     regime —   Computing cross-timeframe features...
[2026-06-19 08:45:54] INFO     regime —   Computing leading features...
[2026-06-19 08:45:54] INFO     regime —   Dropped 590 rows with NaN (39.3%)
[2026-06-19 08:45:54] INFO     regime —   Normalizing features with expanding Z-score...
[2026-06-19 08:45:54] INFO     regime —   Feature extraction complete: 55 features, 711 samples
[2026-06-19 08:46:00] INFO     regime — BOCPD processed 711 samples, 0 alerts fired (0.0%)
[2026-06-19 08:46:01] INFO     regime — Starting feature extraction pipeline...
[2026-06-19 08:46:01] INFO     regime —   Resampling to H1, H4...
[2026-06-19 08:46:01] INFO     regime —   Computing return features...
[2026-06-19 08:46:10] INFO     regime —   Computing volatility features...
[2026-06-19 08:46:10] INFO     regime —   Computing trend/momentum features...
[2026-06-19 08:46:10] INFO     regime —   Computing volume features...
[2026-06-19 08:46:10] INFO     regime —   Computing cross-timeframe features...
[2026-06-19 08:46:10] INFO     regime —   Computing leading features...
[2026-06-19 08:46:10] INFO     regime —   Dropped 590 rows with NaN (39.3%)
[2026-06-19 08:46:10] INFO     regime —   Normalizing features with expanding Z-score...
[2026-06-19 08:46:11] INFO     regime —   Feature extraction complete: 55 features, 711 samples
[2026-06-19 08:46:16] INFO     regime — BOCPD processed 711 samples, 0 alerts fired (0.0%)
